<?xml version="1.0" encoding="UTF-8"?>
<testsuite xmlns:xsi="http://www.w3.org/2001/XMLSchema-instance" xsi:noNamespaceSchemaLocation="https://maven.apache.org/surefire/maven-surefire-plugin/xsd/surefire-test-report.xsd" name="com.example.springboot.SpringbootApplicationTests" time="5.13" tests="1" errors="0" skipped="0" failures="0">
  <properties>
    <property name="java.specification.version" value="24"/>
    <property name="sun.cpu.isalist" value="amd64"/>
    <property name="sun.jnu.encoding" value="GBK"/>
    <property name="java.class.path" value="D:\book-main\book-main\springboot\target\test-classes;D:\book-main\book-main\springboot\target\classes;D:\apache-maven-3.8.4\apache-maven-3.8.4\maven_repository\org\springframework\boot\spring-boot-starter-web\2.7.5\spring-boot-starter-web-2.7.5.jar;D:\apache-maven-3.8.4\apache-maven-3.8.4\maven_repository\org\springframework\boot\spring-boot-starter\2.7.5\spring-boot-starter-2.7.5.jar;D:\apache-maven-3.8.4\apache-maven-3.8.4\maven_repository\org\springframework\boot\spring-boot\2.7.5\spring-boot-2.7.5.jar;D:\apache-maven-3.8.4\apache-maven-3.8.4\maven_repository\org\springframework\boot\spring-boot-starter-logging\2.7.5\spring-boot-starter-logging-2.7.5.jar;D:\apache-maven-3.8.4\apache-maven-3.8.4\maven_repository\ch\qos\logback\logback-classic\1.2.11\logback-classic-1.2.11.jar;D:\apache-maven-3.8.4\apache-maven-3.8.4\maven_repository\ch\qos\logback\logback-core\1.2.11\logback-core-1.2.11.jar;D:\apache-maven-3.8.4\apache-maven-3.8.4\maven_repository\org\apache\logging\log4j\log4j-to-slf4j\2.17.2\log4j-to-slf4j-2.17.2.jar;D:\apache-maven-3.8.4\apache-maven-3.8.4\maven_repository\org\apache\logging\log4j\log4j-api\2.17.2\log4j-api-2.17.2.jar;D:\apache-maven-3.8.4\apache-maven-3.8.4\maven_repository\org\slf4j\jul-to-slf4j\1.7.36\jul-to-slf4j-1.7.36.jar;D:\apache-maven-3.8.4\apache-maven-3.8.4\maven_repository\jakarta\annotation\jakarta.annotation-api\1.3.5\jakarta.annotation-api-1.3.5.jar;D:\apache-maven-3.8.4\apache-maven-3.8.4\maven_repository\org\yaml\snakeyaml\1.30\snakeyaml-1.30.jar;D:\apache-maven-3.8.4\apache-maven-3.8.4\maven_repository\org\springframework\boot\spring-boot-starter-json\2.7.5\spring-boot-starter-json-2.7.5.jar;D:\apache-maven-3.8.4\apache-maven-3.8.4\maven_repository\com\fasterxml\jackson\core\jackson-databind\2.13.4.2\jackson-databind-2.13.4.2.jar;D:\apache-maven-3.8.4\apache-maven-3.8.4\maven_repository\com\fasterxml\jackson\core\jackson-annotations\2.13.4\jackson-annotations-2.13.4.jar;D:\apache-maven-3.8.4\apache-maven-3.8.4\maven_repository\com\fasterxml\jackson\core\jackson-core\2.13.4\jackson-core-2.13.4.jar;D:\apache-maven-3.8.4\apache-maven-3.8.4\maven_repository\com\fasterxml\jackson\datatype\jackson-datatype-jdk8\2.13.4\jackson-datatype-jdk8-2.13.4.jar;D:\apache-maven-3.8.4\apache-maven-3.8.4\maven_repository\com\fasterxml\jackson\datatype\jackson-datatype-jsr310\2.13.4\jackson-datatype-jsr310-2.13.4.jar;D:\apache-maven-3.8.4\apache-maven-3.8.4\maven_repository\com\fasterxml\jackson\module\jackson-module-parameter-names\2.13.4\jackson-module-parameter-names-2.13.4.jar;D:\apache-maven-3.8.4\apache-maven-3.8.4\maven_repository\org\springframework\boot\spring-boot-starter-tomcat\2.7.5\spring-boot-starter-tomcat-2.7.5.jar;D:\apache-maven-3.8.4\apache-maven-3.8.4\maven_repository\org\apache\tomcat\embed\tomcat-embed-core\9.0.68\tomcat-embed-core-9.0.68.jar;D:\apache-maven-3.8.4\apache-maven-3.8.4\maven_repository\org\apache\tomcat\embed\tomcat-embed-el\9.0.68\tomcat-embed-el-9.0.68.jar;D:\apache-maven-3.8.4\apache-maven-3.8.4\maven_repository\org\apache\tomcat\embed\tomcat-embed-websocket\9.0.68\tomcat-embed-websocket-9.0.68.jar;D:\apache-maven-3.8.4\apache-maven-3.8.4\maven_repository\org\springframework\spring-web\5.3.23\spring-web-5.3.23.jar;D:\apache-maven-3.8.4\apache-maven-3.8.4\maven_repository\org\springframework\spring-beans\5.3.23\spring-beans-5.3.23.jar;D:\apache-maven-3.8.4\apache-maven-3.8.4\maven_repository\org\springframework\spring-webmvc\5.3.23\spring-webmvc-5.3.23.jar;D:\apache-maven-3.8.4\apache-maven-3.8.4\maven_repository\org\springframework\spring-aop\5.3.23\spring-aop-5.3.23.jar;D:\apache-maven-3.8.4\apache-maven-3.8.4\maven_repository\org\springframework\spring-context\5.3.23\spring-context-5.3.23.jar;D:\apache-maven-3.8.4\apache-maven-3.8.4\maven_repository\org\springframework\spring-expression\5.3.23\spring-expression-5.3.23.jar;D:\apache-maven-3.8.4\apache-maven-3.8.4\maven_repository\org\springframework\boot\spring-boot-starter-test\2.7.5\spring-boot-starter-test-2.7.5.jar;D:\apache-maven-3.8.4\apache-maven-3.8.4\maven_repository\org\springframework\boot\spring-boot-test\2.7.5\spring-boot-test-2.7.5.jar;D:\apache-maven-3.8.4\apache-maven-3.8.4\maven_repository\org\springframework\boot\spring-boot-test-autoconfigure\2.7.5\spring-boot-test-autoconfigure-2.7.5.jar;D:\apache-maven-3.8.4\apache-maven-3.8.4\maven_repository\com\jayway\jsonpath\json-path\2.7.0\json-path-2.7.0.jar;D:\apache-maven-3.8.4\apache-maven-3.8.4\maven_repository\net\minidev\json-smart\2.4.8\json-smart-2.4.8.jar;D:\apache-maven-3.8.4\apache-maven-3.8.4\maven_repository\net\minidev\accessors-smart\2.4.8\accessors-smart-2.4.8.jar;D:\apache-maven-3.8.4\apache-maven-3.8.4\maven_repository\org\ow2\asm\asm\9.1\asm-9.1.jar;D:\apache-maven-3.8.4\apache-maven-3.8.4\maven_repository\org\slf4j\slf4j-api\1.7.36\slf4j-api-1.7.36.jar;D:\apache-maven-3.8.4\apache-maven-3.8.4\maven_repository\jakarta\xml\bind\jakarta.xml.bind-api\2.3.3\jakarta.xml.bind-api-2.3.3.jar;D:\apache-maven-3.8.4\apache-maven-3.8.4\maven_repository\jakarta\activation\jakarta.activation-api\1.2.2\jakarta.activation-api-1.2.2.jar;D:\apache-maven-3.8.4\apache-maven-3.8.4\maven_repository\org\assertj\assertj-core\3.22.0\assertj-core-3.22.0.jar;D:\apache-maven-3.8.4\apache-maven-3.8.4\maven_repository\org\hamcrest\hamcrest\2.2\hamcrest-2.2.jar;D:\apache-maven-3.8.4\apache-maven-3.8.4\maven_repository\org\junit\jupiter\junit-jupiter\5.8.2\junit-jupiter-5.8.2.jar;D:\apache-maven-3.8.4\apache-maven-3.8.4\maven_repository\org\junit\jupiter\junit-jupiter-api\5.8.2\junit-jupiter-api-5.8.2.jar;D:\apache-maven-3.8.4\apache-maven-3.8.4\maven_repository\org\opentest4j\opentest4j\1.2.0\opentest4j-1.2.0.jar;D:\apache-maven-3.8.4\apache-maven-3.8.4\maven_repository\org\junit\platform\junit-platform-commons\1.8.2\junit-platform-commons-1.8.2.jar;D:\apache-maven-3.8.4\apache-maven-3.8.4\maven_repository\org\apiguardian\apiguardian-api\1.1.2\apiguardian-api-1.1.2.jar;D:\apache-maven-3.8.4\apache-maven-3.8.4\maven_repository\org\junit\jupiter\junit-jupiter-params\5.8.2\junit-jupiter-params-5.8.2.jar;D:\apache-maven-3.8.4\apache-maven-3.8.4\maven_repository\org\junit\jupiter\junit-jupiter-engine\5.8.2\junit-jupiter-engine-5.8.2.jar;D:\apache-maven-3.8.4\apache-maven-3.8.4\maven_repository\org\junit\platform\junit-platform-engine\1.8.2\junit-platform-engine-1.8.2.jar;D:\apache-maven-3.8.4\apache-maven-3.8.4\maven_repository\org\mockito\mockito-core\4.5.1\mockito-core-4.5.1.jar;D:\apache-maven-3.8.4\apache-maven-3.8.4\maven_repository\net\bytebuddy\byte-buddy\1.12.18\byte-buddy-1.12.18.jar;D:\apache-maven-3.8.4\apache-maven-3.8.4\maven_repository\net\bytebuddy\byte-buddy-agent\1.12.18\byte-buddy-agent-1.12.18.jar;D:\apache-maven-3.8.4\apache-maven-3.8.4\maven_repository\org\objenesis\objenesis\3.2\objenesis-3.2.jar;D:\apache-maven-3.8.4\apache-maven-3.8.4\maven_repository\org\mockito\mockito-junit-jupiter\4.5.1\mockito-junit-jupiter-4.5.1.jar;D:\apache-maven-3.8.4\apache-maven-3.8.4\maven_repository\org\skyscreamer\jsonassert\1.5.1\jsonassert-1.5.1.jar;D:\apache-maven-3.8.4\apache-maven-3.8.4\maven_repository\com\vaadin\external\google\android-json\0.0.20131108.vaadin1\android-json-0.0.20131108.vaadin1.jar;D:\apache-maven-3.8.4\apache-maven-3.8.4\maven_repository\org\springframework\spring-core\5.3.23\spring-core-5.3.23.jar;D:\apache-maven-3.8.4\apache-maven-3.8.4\maven_repository\org\springframework\spring-jcl\5.3.23\spring-jcl-5.3.23.jar;D:\apache-maven-3.8.4\apache-maven-3.8.4\maven_repository\org\springframework\spring-test\5.3.23\spring-test-5.3.23.jar;D:\apache-maven-3.8.4\apache-maven-3.8.4\maven_repository\org\xmlunit\xmlunit-core\2.9.0\xmlunit-core-2.9.0.jar;D:\apache-maven-3.8.4\apache-maven-3.8.4\maven_repository\org\springframework\boot\spring-boot-starter-jdbc\2.7.5\spring-boot-starter-jdbc-2.7.5.jar;D:\apache-maven-3.8.4\apache-maven-3.8.4\maven_repository\com\zaxxer\HikariCP\4.0.3\HikariCP-4.0.3.jar;D:\apache-maven-3.8.4\apache-maven-3.8.4\maven_repository\org\springframework\spring-jdbc\5.3.23\spring-jdbc-5.3.23.jar;D:\apache-maven-3.8.4\apache-maven-3.8.4\maven_repository\org\springframework\spring-tx\5.3.23\spring-tx-5.3.23.jar;D:\apache-maven-3.8.4\apache-maven-3.8.4\maven_repository\com\mysql\mysql-connector-j\8.0.31\mysql-connector-j-8.0.31.jar;D:\apache-maven-3.8.4\apache-maven-3.8.4\maven_repository\org\projectlombok\lombok\1.18.24\lombok-1.18.24.jar;D:\apache-maven-3.8.4\apache-maven-3.8.4\maven_repository\org\mybatis\spring\boot\mybatis-spring-boot-starter\2.3.2\mybatis-spring-boot-starter-2.3.2.jar;D:\apache-maven-3.8.4\apache-maven-3.8.4\maven_repository\org\mybatis\spring\boot\mybatis-spring-boot-autoconfigure\2.3.2\mybatis-spring-boot-autoconfigure-2.3.2.jar;D:\apache-maven-3.8.4\apache-maven-3.8.4\maven_repository\org\mybatis\mybatis\3.5.14\mybatis-3.5.14.jar;D:\apache-maven-3.8.4\apache-maven-3.8.4\maven_repository\org\mybatis\mybatis-spring\2.1.2\mybatis-spring-2.1.2.jar;D:\apache-maven-3.8.4\apache-maven-3.8.4\maven_repository\com\baomidou\mybatis-plus-boot-starter\3.4.1\mybatis-plus-boot-starter-3.4.1.jar;D:\apache-maven-3.8.4\apache-maven-3.8.4\maven_repository\com\baomidou\mybatis-plus\3.4.1\mybatis-plus-3.4.1.jar;D:\apache-maven-3.8.4\apache-maven-3.8.4\maven_repository\org\springframework\boot\spring-boot-autoconfigure\2.7.5\spring-boot-autoconfigure-2.7.5.jar;D:\apache-maven-3.8.4\apache-maven-3.8.4\maven_repository\com\baomidou\mybatis-plus-generator\3.4.1\mybatis-plus-generator-3.4.1.jar;D:\apache-maven-3.8.4\apache-maven-3.8.4\maven_repository\com\baomidou\mybatis-plus-extension\3.4.1\mybatis-plus-extension-3.4.1.jar;D:\apache-maven-3.8.4\apache-maven-3.8.4\maven_repository\com\baomidou\mybatis-plus-core\3.4.1\mybatis-plus-core-3.4.1.jar;D:\apache-maven-3.8.4\apache-maven-3.8.4\maven_repository\com\baomidou\mybatis-plus-annotation\3.4.1\mybatis-plus-annotation-3.4.1.jar;D:\apache-maven-3.8.4\apache-maven-3.8.4\maven_repository\com\github\jsqlparser\jsqlparser\3.2\jsqlparser-3.2.jar;D:\apache-maven-3.8.4\apache-maven-3.8.4\maven_repository\org\freemarker\freemarker\2.3.30\freemarker-2.3.30.jar;D:\apache-maven-3.8.4\apache-maven-3.8.4\maven_repository\com\spring4all\spring-boot-starter-swagger\1.5.1.RELEASE\spring-boot-starter-swagger-1.5.1.RELEASE.jar;D:\apache-maven-3.8.4\apache-maven-3.8.4\maven_repository\io\springfox\springfox-swagger-ui\2.7.0\springfox-swagger-ui-2.7.0.jar;D:\apache-maven-3.8.4\apache-maven-3.8.4\maven_repository\io\springfox\springfox-spring-web\2.7.0\springfox-spring-web-2.7.0.jar;D:\apache-maven-3.8.4\apache-maven-3.8.4\maven_repository\org\reflections\reflections\0.9.11\reflections-0.9.11.jar;D:\apache-maven-3.8.4\apache-maven-3.8.4\maven_repository\org\javassist\javassist\3.21.0-GA\javassist-3.21.0-GA.jar;D:\apache-maven-3.8.4\apache-maven-3.8.4\maven_repository\io\springfox\springfox-swagger2\2.7.0\springfox-swagger2-2.7.0.jar;D:\apache-maven-3.8.4\apache-maven-3.8.4\maven_repository\io\swagger\swagger-annotations\1.5.13\swagger-annotations-1.5.13.jar;D:\apache-maven-3.8.4\apache-maven-3.8.4\maven_repository\io\swagger\swagger-models\1.5.13\swagger-models-1.5.13.jar;D:\apache-maven-3.8.4\apache-maven-3.8.4\maven_repository\io\springfox\springfox-spi\2.7.0\springfox-spi-2.7.0.jar;D:\apache-maven-3.8.4\apache-maven-3.8.4\maven_repository\io\springfox\springfox-core\2.7.0\springfox-core-2.7.0.jar;D:\apache-maven-3.8.4\apache-maven-3.8.4\maven_repository\io\springfox\springfox-schema\2.7.0\springfox-schema-2.7.0.jar;D:\apache-maven-3.8.4\apache-maven-3.8.4\maven_repository\io\springfox\springfox-swagger-common\2.7.0\springfox-swagger-common-2.7.0.jar;D:\apache-maven-3.8.4\apache-maven-3.8.4\maven_repository\com\google\guava\guava\18.0\guava-18.0.jar;D:\apache-maven-3.8.4\apache-maven-3.8.4\maven_repository\com\fasterxml\classmate\1.5.1\classmate-1.5.1.jar;D:\apache-maven-3.8.4\apache-maven-3.8.4\maven_repository\org\springframework\plugin\spring-plugin-core\1.2.0.RELEASE\spring-plugin-core-1.2.0.RELEASE.jar;D:\apache-maven-3.8.4\apache-maven-3.8.4\maven_repository\org\springframework\plugin\spring-plugin-metadata\1.2.0.RELEASE\spring-plugin-metadata-1.2.0.RELEASE.jar;D:\apache-maven-3.8.4\apache-maven-3.8.4\maven_repository\org\mapstruct\mapstruct\1.1.0.Final\mapstruct-1.1.0.Final.jar;D:\apache-maven-3.8.4\apache-maven-3.8.4\maven_repository\io\springfox\springfox-bean-validators\2.7.0\springfox-bean-validators-2.7.0.jar;"/>
    <property name="java.vm.vendor" value="Oracle Corporation"/>
    <property name="sun.arch.data.model" value="64"/>
    <property name="user.variant" value=""/>
    <property name="java.vendor.url" value="https://java.oracle.com/"/>
    <property name="user.timezone" value="Asia/Shanghai"/>
    <property name="os.name" value="Windows 11"/>
    <property name="java.vm.specification.version" value="24"/>
    <property name="sun.java.launcher" value="SUN_STANDARD"/>
    <property name="user.country" value="CN"/>
    <property name="sun.boot.library.path" value="C:\Users\ASUS\.jdks\openjdk-24.0.1\bin"/>
    <property name="sun.java.command" value="C:\Users\ASUS\AppData\Local\Temp\surefire16914176866081053524\surefirebooter9263686463792740469.jar C:\Users\ASUS\AppData\Local\Temp\surefire16914176866081053524 2025-06-25T10-01-15_658-jvmRun1 surefire8688506181308028326tmp surefire_04296154056677796643tmp"/>
    <property name="jdk.debug" value="release"/>
    <property name="surefire.test.class.path" value="D:\book-main\book-main\springboot\target\test-classes;D:\book-main\book-main\springboot\target\classes;D:\apache-maven-3.8.4\apache-maven-3.8.4\maven_repository\org\springframework\boot\spring-boot-starter-web\2.7.5\spring-boot-starter-web-2.7.5.jar;D:\apache-maven-3.8.4\apache-maven-3.8.4\maven_repository\org\springframework\boot\spring-boot-starter\2.7.5\spring-boot-starter-2.7.5.jar;D:\apache-maven-3.8.4\apache-maven-3.8.4\maven_repository\org\springframework\boot\spring-boot\2.7.5\spring-boot-2.7.5.jar;D:\apache-maven-3.8.4\apache-maven-3.8.4\maven_repository\org\springframework\boot\spring-boot-starter-logging\2.7.5\spring-boot-starter-logging-2.7.5.jar;D:\apache-maven-3.8.4\apache-maven-3.8.4\maven_repository\ch\qos\logback\logback-classic\1.2.11\logback-classic-1.2.11.jar;D:\apache-maven-3.8.4\apache-maven-3.8.4\maven_repository\ch\qos\logback\logback-core\1.2.11\logback-core-1.2.11.jar;D:\apache-maven-3.8.4\apache-maven-3.8.4\maven_repository\org\apache\logging\log4j\log4j-to-slf4j\2.17.2\log4j-to-slf4j-2.17.2.jar;D:\apache-maven-3.8.4\apache-maven-3.8.4\maven_repository\org\apache\logging\log4j\log4j-api\2.17.2\log4j-api-2.17.2.jar;D:\apache-maven-3.8.4\apache-maven-3.8.4\maven_repository\org\slf4j\jul-to-slf4j\1.7.36\jul-to-slf4j-1.7.36.jar;D:\apache-maven-3.8.4\apache-maven-3.8.4\maven_repository\jakarta\annotation\jakarta.annotation-api\1.3.5\jakarta.annotation-api-1.3.5.jar;D:\apache-maven-3.8.4\apache-maven-3.8.4\maven_repository\org\yaml\snakeyaml\1.30\snakeyaml-1.30.jar;D:\apache-maven-3.8.4\apache-maven-3.8.4\maven_repository\org\springframework\boot\spring-boot-starter-json\2.7.5\spring-boot-starter-json-2.7.5.jar;D:\apache-maven-3.8.4\apache-maven-3.8.4\maven_repository\com\fasterxml\jackson\core\jackson-databind\2.13.4.2\jackson-databind-2.13.4.2.jar;D:\apache-maven-3.8.4\apache-maven-3.8.4\maven_repository\com\fasterxml\jackson\core\jackson-annotations\2.13.4\jackson-annotations-2.13.4.jar;D:\apache-maven-3.8.4\apache-maven-3.8.4\maven_repository\com\fasterxml\jackson\core\jackson-core\2.13.4\jackson-core-2.13.4.jar;D:\apache-maven-3.8.4\apache-maven-3.8.4\maven_repository\com\fasterxml\jackson\datatype\jackson-datatype-jdk8\2.13.4\jackson-datatype-jdk8-2.13.4.jar;D:\apache-maven-3.8.4\apache-maven-3.8.4\maven_repository\com\fasterxml\jackson\datatype\jackson-datatype-jsr310\2.13.4\jackson-datatype-jsr310-2.13.4.jar;D:\apache-maven-3.8.4\apache-maven-3.8.4\maven_repository\com\fasterxml\jackson\module\jackson-module-parameter-names\2.13.4\jackson-module-parameter-names-2.13.4.jar;D:\apache-maven-3.8.4\apache-maven-3.8.4\maven_repository\org\springframework\boot\spring-boot-starter-tomcat\2.7.5\spring-boot-starter-tomcat-2.7.5.jar;D:\apache-maven-3.8.4\apache-maven-3.8.4\maven_repository\org\apache\tomcat\embed\tomcat-embed-core\9.0.68\tomcat-embed-core-9.0.68.jar;D:\apache-maven-3.8.4\apache-maven-3.8.4\maven_repository\org\apache\tomcat\embed\tomcat-embed-el\9.0.68\tomcat-embed-el-9.0.68.jar;D:\apache-maven-3.8.4\apache-maven-3.8.4\maven_repository\org\apache\tomcat\embed\tomcat-embed-websocket\9.0.68\tomcat-embed-websocket-9.0.68.jar;D:\apache-maven-3.8.4\apache-maven-3.8.4\maven_repository\org\springframework\spring-web\5.3.23\spring-web-5.3.23.jar;D:\apache-maven-3.8.4\apache-maven-3.8.4\maven_repository\org\springframework\spring-beans\5.3.23\spring-beans-5.3.23.jar;D:\apache-maven-3.8.4\apache-maven-3.8.4\maven_repository\org\springframework\spring-webmvc\5.3.23\spring-webmvc-5.3.23.jar;D:\apache-maven-3.8.4\apache-maven-3.8.4\maven_repository\org\springframework\spring-aop\5.3.23\spring-aop-5.3.23.jar;D:\apache-maven-3.8.4\apache-maven-3.8.4\maven_repository\org\springframework\spring-context\5.3.23\spring-context-5.3.23.jar;D:\apache-maven-3.8.4\apache-maven-3.8.4\maven_repository\org\springframework\spring-expression\5.3.23\spring-expression-5.3.23.jar;D:\apache-maven-3.8.4\apache-maven-3.8.4\maven_repository\org\springframework\boot\spring-boot-starter-test\2.7.5\spring-boot-starter-test-2.7.5.jar;D:\apache-maven-3.8.4\apache-maven-3.8.4\maven_repository\org\springframework\boot\spring-boot-test\2.7.5\spring-boot-test-2.7.5.jar;D:\apache-maven-3.8.4\apache-maven-3.8.4\maven_repository\org\springframework\boot\spring-boot-test-autoconfigure\2.7.5\spring-boot-test-autoconfigure-2.7.5.jar;D:\apache-maven-3.8.4\apache-maven-3.8.4\maven_repository\com\jayway\jsonpath\json-path\2.7.0\json-path-2.7.0.jar;D:\apache-maven-3.8.4\apache-maven-3.8.4\maven_repository\net\minidev\json-smart\2.4.8\json-smart-2.4.8.jar;D:\apache-maven-3.8.4\apache-maven-3.8.4\maven_repository\net\minidev\accessors-smart\2.4.8\accessors-smart-2.4.8.jar;D:\apache-maven-3.8.4\apache-maven-3.8.4\maven_repository\org\ow2\asm\asm\9.1\asm-9.1.jar;D:\apache-maven-3.8.4\apache-maven-3.8.4\maven_repository\org\slf4j\slf4j-api\1.7.36\slf4j-api-1.7.36.jar;D:\apache-maven-3.8.4\apache-maven-3.8.4\maven_repository\jakarta\xml\bind\jakarta.xml.bind-api\2.3.3\jakarta.xml.bind-api-2.3.3.jar;D:\apache-maven-3.8.4\apache-maven-3.8.4\maven_repository\jakarta\activation\jakarta.activation-api\1.2.2\jakarta.activation-api-1.2.2.jar;D:\apache-maven-3.8.4\apache-maven-3.8.4\maven_repository\org\assertj\assertj-core\3.22.0\assertj-core-3.22.0.jar;D:\apache-maven-3.8.4\apache-maven-3.8.4\maven_repository\org\hamcrest\hamcrest\2.2\hamcrest-2.2.jar;D:\apache-maven-3.8.4\apache-maven-3.8.4\maven_repository\org\junit\jupiter\junit-jupiter\5.8.2\junit-jupiter-5.8.2.jar;D:\apache-maven-3.8.4\apache-maven-3.8.4\maven_repository\org\junit\jupiter\junit-jupiter-api\5.8.2\junit-jupiter-api-5.8.2.jar;D:\apache-maven-3.8.4\apache-maven-3.8.4\maven_repository\org\opentest4j\opentest4j\1.2.0\opentest4j-1.2.0.jar;D:\apache-maven-3.8.4\apache-maven-3.8.4\maven_repository\org\junit\platform\junit-platform-commons\1.8.2\junit-platform-commons-1.8.2.jar;D:\apache-maven-3.8.4\apache-maven-3.8.4\maven_repository\org\apiguardian\apiguardian-api\1.1.2\apiguardian-api-1.1.2.jar;D:\apache-maven-3.8.4\apache-maven-3.8.4\maven_repository\org\junit\jupiter\junit-jupiter-params\5.8.2\junit-jupiter-params-5.8.2.jar;D:\apache-maven-3.8.4\apache-maven-3.8.4\maven_repository\org\junit\jupiter\junit-jupiter-engine\5.8.2\junit-jupiter-engine-5.8.2.jar;D:\apache-maven-3.8.4\apache-maven-3.8.4\maven_repository\org\junit\platform\junit-platform-engine\1.8.2\junit-platform-engine-1.8.2.jar;D:\apache-maven-3.8.4\apache-maven-3.8.4\maven_repository\org\mockito\mockito-core\4.5.1\mockito-core-4.5.1.jar;D:\apache-maven-3.8.4\apache-maven-3.8.4\maven_repository\net\bytebuddy\byte-buddy\1.12.18\byte-buddy-1.12.18.jar;D:\apache-maven-3.8.4\apache-maven-3.8.4\maven_repository\net\bytebuddy\byte-buddy-agent\1.12.18\byte-buddy-agent-1.12.18.jar;D:\apache-maven-3.8.4\apache-maven-3.8.4\maven_repository\org\objenesis\objenesis\3.2\objenesis-3.2.jar;D:\apache-maven-3.8.4\apache-maven-3.8.4\maven_repository\org\mockito\mockito-junit-jupiter\4.5.1\mockito-junit-jupiter-4.5.1.jar;D:\apache-maven-3.8.4\apache-maven-3.8.4\maven_repository\org\skyscreamer\jsonassert\1.5.1\jsonassert-1.5.1.jar;D:\apache-maven-3.8.4\apache-maven-3.8.4\maven_repository\com\vaadin\external\google\android-json\0.0.20131108.vaadin1\android-json-0.0.20131108.vaadin1.jar;D:\apache-maven-3.8.4\apache-maven-3.8.4\maven_repository\org\springframework\spring-core\5.3.23\spring-core-5.3.23.jar;D:\apache-maven-3.8.4\apache-maven-3.8.4\maven_repository\org\springframework\spring-jcl\5.3.23\spring-jcl-5.3.23.jar;D:\apache-maven-3.8.4\apache-maven-3.8.4\maven_repository\org\springframework\spring-test\5.3.23\spring-test-5.3.23.jar;D:\apache-maven-3.8.4\apache-maven-3.8.4\maven_repository\org\xmlunit\xmlunit-core\2.9.0\xmlunit-core-2.9.0.jar;D:\apache-maven-3.8.4\apache-maven-3.8.4\maven_repository\org\springframework\boot\spring-boot-starter-jdbc\2.7.5\spring-boot-starter-jdbc-2.7.5.jar;D:\apache-maven-3.8.4\apache-maven-3.8.4\maven_repository\com\zaxxer\HikariCP\4.0.3\HikariCP-4.0.3.jar;D:\apache-maven-3.8.4\apache-maven-3.8.4\maven_repository\org\springframework\spring-jdbc\5.3.23\spring-jdbc-5.3.23.jar;D:\apache-maven-3.8.4\apache-maven-3.8.4\maven_repository\org\springframework\spring-tx\5.3.23\spring-tx-5.3.23.jar;D:\apache-maven-3.8.4\apache-maven-3.8.4\maven_repository\com\mysql\mysql-connector-j\8.0.31\mysql-connector-j-8.0.31.jar;D:\apache-maven-3.8.4\apache-maven-3.8.4\maven_repository\org\projectlombok\lombok\1.18.24\lombok-1.18.24.jar;D:\apache-maven-3.8.4\apache-maven-3.8.4\maven_repository\org\mybatis\spring\boot\mybatis-spring-boot-starter\2.3.2\mybatis-spring-boot-starter-2.3.2.jar;D:\apache-maven-3.8.4\apache-maven-3.8.4\maven_repository\org\mybatis\spring\boot\mybatis-spring-boot-autoconfigure\2.3.2\mybatis-spring-boot-autoconfigure-2.3.2.jar;D:\apache-maven-3.8.4\apache-maven-3.8.4\maven_repository\org\mybatis\mybatis\3.5.14\mybatis-3.5.14.jar;D:\apache-maven-3.8.4\apache-maven-3.8.4\maven_repository\org\mybatis\mybatis-spring\2.1.2\mybatis-spring-2.1.2.jar;D:\apache-maven-3.8.4\apache-maven-3.8.4\maven_repository\com\baomidou\mybatis-plus-boot-starter\3.4.1\mybatis-plus-boot-starter-3.4.1.jar;D:\apache-maven-3.8.4\apache-maven-3.8.4\maven_repository\com\baomidou\mybatis-plus\3.4.1\mybatis-plus-3.4.1.jar;D:\apache-maven-3.8.4\apache-maven-3.8.4\maven_repository\org\springframework\boot\spring-boot-autoconfigure\2.7.5\spring-boot-autoconfigure-2.7.5.jar;D:\apache-maven-3.8.4\apache-maven-3.8.4\maven_repository\com\baomidou\mybatis-plus-generator\3.4.1\mybatis-plus-generator-3.4.1.jar;D:\apache-maven-3.8.4\apache-maven-3.8.4\maven_repository\com\baomidou\mybatis-plus-extension\3.4.1\mybatis-plus-extension-3.4.1.jar;D:\apache-maven-3.8.4\apache-maven-3.8.4\maven_repository\com\baomidou\mybatis-plus-core\3.4.1\mybatis-plus-core-3.4.1.jar;D:\apache-maven-3.8.4\apache-maven-3.8.4\maven_repository\com\baomidou\mybatis-plus-annotation\3.4.1\mybatis-plus-annotation-3.4.1.jar;D:\apache-maven-3.8.4\apache-maven-3.8.4\maven_repository\com\github\jsqlparser\jsqlparser\3.2\jsqlparser-3.2.jar;D:\apache-maven-3.8.4\apache-maven-3.8.4\maven_repository\org\freemarker\freemarker\2.3.30\freemarker-2.3.30.jar;D:\apache-maven-3.8.4\apache-maven-3.8.4\maven_repository\com\spring4all\spring-boot-starter-swagger\1.5.1.RELEASE\spring-boot-starter-swagger-1.5.1.RELEASE.jar;D:\apache-maven-3.8.4\apache-maven-3.8.4\maven_repository\io\springfox\springfox-swagger-ui\2.7.0\springfox-swagger-ui-2.7.0.jar;D:\apache-maven-3.8.4\apache-maven-3.8.4\maven_repository\io\springfox\springfox-spring-web\2.7.0\springfox-spring-web-2.7.0.jar;D:\apache-maven-3.8.4\apache-maven-3.8.4\maven_repository\org\reflections\reflections\0.9.11\reflections-0.9.11.jar;D:\apache-maven-3.8.4\apache-maven-3.8.4\maven_repository\org\javassist\javassist\3.21.0-GA\javassist-3.21.0-GA.jar;D:\apache-maven-3.8.4\apache-maven-3.8.4\maven_repository\io\springfox\springfox-swagger2\2.7.0\springfox-swagger2-2.7.0.jar;D:\apache-maven-3.8.4\apache-maven-3.8.4\maven_repository\io\swagger\swagger-annotations\1.5.13\swagger-annotations-1.5.13.jar;D:\apache-maven-3.8.4\apache-maven-3.8.4\maven_repository\io\swagger\swagger-models\1.5.13\swagger-models-1.5.13.jar;D:\apache-maven-3.8.4\apache-maven-3.8.4\maven_repository\io\springfox\springfox-spi\2.7.0\springfox-spi-2.7.0.jar;D:\apache-maven-3.8.4\apache-maven-3.8.4\maven_repository\io\springfox\springfox-core\2.7.0\springfox-core-2.7.0.jar;D:\apache-maven-3.8.4\apache-maven-3.8.4\maven_repository\io\springfox\springfox-schema\2.7.0\springfox-schema-2.7.0.jar;D:\apache-maven-3.8.4\apache-maven-3.8.4\maven_repository\io\springfox\springfox-swagger-common\2.7.0\springfox-swagger-common-2.7.0.jar;D:\apache-maven-3.8.4\apache-maven-3.8.4\maven_repository\com\google\guava\guava\18.0\guava-18.0.jar;D:\apache-maven-3.8.4\apache-maven-3.8.4\maven_repository\com\fasterxml\classmate\1.5.1\classmate-1.5.1.jar;D:\apache-maven-3.8.4\apache-maven-3.8.4\maven_repository\org\springframework\plugin\spring-plugin-core\1.2.0.RELEASE\spring-plugin-core-1.2.0.RELEASE.jar;D:\apache-maven-3.8.4\apache-maven-3.8.4\maven_repository\org\springframework\plugin\spring-plugin-metadata\1.2.0.RELEASE\spring-plugin-metadata-1.2.0.RELEASE.jar;D:\apache-maven-3.8.4\apache-maven-3.8.4\maven_repository\org\mapstruct\mapstruct\1.1.0.Final\mapstruct-1.1.0.Final.jar;D:\apache-maven-3.8.4\apache-maven-3.8.4\maven_repository\io\springfox\springfox-bean-validators\2.7.0\springfox-bean-validators-2.7.0.jar;"/>
    <property name="sun.cpu.endian" value="little"/>
    <property name="user.home" value="C:\Users\ASUS"/>
    <property name="user.language" value="zh"/>
    <property name="java.specification.vendor" value="Oracle Corporation"/>
    <property name="java.version.date" value="2025-04-15"/>
    <property name="java.home" value="C:\Users\ASUS\.jdks\openjdk-24.0.1"/>
    <property name="file.separator" value="\"/>
    <property name="basedir" value="D:\book-main\book-main\springboot"/>
    <property name="java.vm.compressedOopsMode" value="Zero based"/>
    <property name="line.separator" value="&#10;"/>
    <property name="java.vm.specification.vendor" value="Oracle Corporation"/>
    <property name="java.specification.name" value="Java Platform API Specification"/>
    <property name="surefire.real.class.path" value="C:\Users\ASUS\AppData\Local\Temp\surefire16914176866081053524\surefirebooter9263686463792740469.jar"/>
    <property name="user.script" value=""/>
    <property name="sun.management.compiler" value="HotSpot 64-Bit Tiered Compilers"/>
    <property name="java.runtime.version" value="24.0.1+9-30"/>
    <property name="user.name" value="ASUS"/>
    <property name="stdout.encoding" value="GBK"/>
    <property name="path.separator" value=";"/>
    <property name="os.version" value="10.0"/>
    <property name="java.runtime.name" value="OpenJDK Runtime Environment"/>
    <property name="file.encoding" value="UTF-8"/>
    <property name="java.vm.name" value="OpenJDK 64-Bit Server VM"/>
    <property name="localRepository" value="D:\apache-maven-3.8.4\apache-maven-3.8.4\maven_repository"/>
    <property name="java.vendor.url.bug" value="https://bugreport.java.com/bugreport/"/>
    <property name="java.io.tmpdir" value="C:\Users\ASUS\AppData\Local\Temp\"/>
    <property name="idea.version" value="2021.2.3"/>
    <property name="java.version" value="24.0.1"/>
    <property name="user.dir" value="D:\book-main\book-main\springboot"/>
    <property name="os.arch" value="amd64"/>
    <property name="java.vm.specification.name" value="Java Virtual Machine Specification"/>
    <property name="sun.os.patch.level" value=""/>
    <property name="native.encoding" value="GBK"/>
    <property name="java.library.path" value="C:\Users\ASUS\.jdks\openjdk-24.0.1\bin;C:\WINDOWS\Sun\Java\bin;C:\WINDOWS\system32;C:\WINDOWS;C:\ProgramData\Oracle\Java\javapath;C:\Windows\system32;C:\Windows;C:\Windows\System32\Wbem;C:\Windows\System32\WindowsPowerShell\v1.0\;C:\Windows\System32\OpenSSH\;C:\Program Files (x86)\NVIDIA Corporation\PhysX\Common;D:\adb;D:\adb\scrcpy-win64-v2.5;E:\;&quot;.;C:\Users\ASUS\.jdks\corretto-15.0.2\bin&quot;;C:\Users\ASUS\.jdks\corretto-15.0.2\bin;C:\Users\ASUS\.jdks\corretto-15.0.2\jre\bin;C:\Program Files\dotnet\;C:\Program Files\NVIDIA Corporation\NVIDIA app\NvDLISR;D:\Dev-Cpp\MinGW64\bin;D:\apache-maven-3.8.4\apache-maven-3.8.4\bin;C:\Program Files (x86)\Microsoft SQL Server\160\DTS\Binn\;C:\Program Files\Azure Data Studio\bin;C:\Program Files\Microsoft SQL Server\Client SDK\ODBC\170\Tools\Binn\;C:\Program Files (x86)\Microsoft SQL Server\150\Tools\Binn\;C:\Program Files\Microsoft SQL Server\150\Tools\Binn\;C:\Program Files\Microsoft SQL Server\150\DTS\Binn\;C:\Program Files\MySQL\MySQL Utilities 1.6\;C:\Program Files\MySQL\MySQL Server 5.7\bin;C:\Program Files (x86)\Microsoft SQL Server\100\Tools\Binn\;C:\Program Files\Microsoft SQL Server\100\Tools\Binn\;C:\Program Files\Microsoft SQL Server\100\DTS\Binn\;C:\Program Files (x86)\Microsoft SQL Server\100\Tools\Binn\VSShell\Common7\IDE\;C:\Program Files (x86)\Microsoft SQL Server\100\DTS\Binn\;C:\Program Files (x86)\Microsoft Visual Studio 9.0\Common7\IDE\PrivateAssemblies\;C:\Program Files\Git\cmd;C:\WINDOWS\system32;C:\WINDOWS;C:\WINDOWS\System32\Wbem;C:\WINDOWS\System32\WindowsPowerShell\v1.0\;C:\WINDOWS\System32\OpenSSH\;C:\Users\ASUS\AppData\Local\Microsoft\WindowsApps;E:\Microsoft VS Code\bin;C:\Users\ASUS\AppData\Roaming\npm;D:\IntelliJ IDEA 2021.2.3\bin;C:\Program Files\Azure Data Studio\bin;C:\Program Files\MySQL\MySQL Server 5.7\bin;C:\Users\ASUS\AppData\Local\JetBrains\Toolbox\scripts;;."/>
    <property name="java.vm.info" value="mixed mode, sharing"/>
    <property name="stderr.encoding" value="GBK"/>
    <property name="java.vendor" value="Oracle Corporation"/>
    <property name="java.vm.version" value="24.0.1+9-30"/>
    <property name="sun.io.unicode.encoding" value="UnicodeLittle"/>
    <property name="java.class.version" value="68.0"/>
  </properties>
  <testcase name="contextLoads" classname="com.example.springboot.SpringbootApplicationTests" time="0.718"/>
</testsuite>